<?xml version="1.0" encoding="UTF-8"?>
<testng-results ignored="0" total="1" passed="1" failed="0" skipped="0">
  <reporter-output>
  </reporter-output>
  <suite started-at="2024-02-27T05:01:45Z" name="Default suite" finished-at="2024-02-27T05:01:50Z" duration-ms="5006">
    <groups>
    </groups>
    <test started-at="2024-02-27T05:01:45Z" name="Default test" finished-at="2024-02-27T05:01:50Z" duration-ms="5006">
      <class name="seleniumPractice.WebDriverMethod">
        <test-method signature="lunchBrowser()[pri:0, instance:seleniumPractice.WebDriverMethod@babafc2]" started-at="2024-02-27T05:01:45Z" name="lunchBrowser" finished-at="2024-02-27T05:01:50Z" duration-ms="4947" status="PASS">
          <reporter-output>
          </reporter-output>
        </test-method> <!-- lunchBrowser -->
      </class> <!-- seleniumPractice.WebDriverMethod -->
    </test> <!-- Default test -->
  </suite> <!-- Default suite -->
</testng-results>
